<?xml version="1.0" encoding="UTF-8"?>
<!-- Generated by org.testng.reporters.JUnitReportReporter -->
<testsuite skipped="0" hostname="DESKTOP-T1GTHPA" name="testcases.TC001_CreateLead" tests="2" failures="0" timestamp="02 Jan 2020 06:58:36 GMT" time="66.971" errors="0">
  <testcase name="tc001_createLead" time="31.609" classname="testcases.TC001_CreateLead"/>
  <testcase name="tc001_createLead" time="35.362" classname="testcases.TC001_CreateLead"/>
</testsuite> <!-- testcases.TC001_CreateLead -->
